<?xml version="1.0" encoding="UTF-8"?>
<!-- Generated by org.testng.reporters.JUnitReportReporter -->
<testsuite hostname="DESKTOP-1J1OHS9" failures="0" tests="1" name="Test_Anotation.Amazon" time="5.333" errors="0" timestamp="2023-10-06T15:20:00 IST" skipped="0">
  <testcase classname="Test_Anotation.Amazon" name="Ama" time="5.333"/>
  <system-out/>
</testsuite> <!-- Test_Anotation.Amazon -->
