<?xml version="1.0" encoding="UTF-8"?>
<!-- Generated by org.testng.reporters.JUnitReportReporter -->
<testsuite hostname="DESKTOP-1J1OHS9" failures="0" tests="3" name="Test_Anotation.Amazon_Facebook_snapdeal" time="12.942" errors="0" timestamp="2023-10-06T15:17:48 IST" skipped="0">
  <testcase classname="Test_Anotation.Amazon_Facebook_snapdeal" name="fb" time="3.810"/>
  <system-out/>
  <testcase classname="Test_Anotation.Amazon_Facebook_snapdeal" name="amazon" time="4.601"/>
  <system-out/>
  <testcase classname="Test_Anotation.Amazon_Facebook_snapdeal" name="snapdeal" time="4.531"/>
  <system-out/>
</testsuite> <!-- Test_Anotation.Amazon_Facebook_snapdeal -->
