<?xml version="1.0" encoding="UTF-8"?>
<!-- Generated by org.testng.reporters.JUnitReportReporter -->
<testsuite hostname="DESKTOP-1J1OHS9" failures="0" tests="2" name="Testng_Sequential.Assertions" time="7.603" errors="0" timestamp="2023-10-06T14:03:21 IST" skipped="0">
  <testcase classname="Testng_Sequential.Assertions" name="closing" time="3.212"/>
  <system-out/>
  <testcase classname="Testng_Sequential.Assertions" name="Fb" time="4.391"/>
  <system-out/>
</testsuite> <!-- Testng_Sequential.Assertions -->
