<?xml version="1.0" encoding="UTF-8"?>
<!-- Generated by org.testng.reporters.JUnitReportReporter -->
<testsuite hostname="DESKTOP-1J1OHS9" failures="0" tests="1" name="Testng_Sequential.Flipkart" time="4.697" errors="0" timestamp="2023-10-05T14:40:45 IST" skipped="0">
  <testcase classname="Testng_Sequential.Flipkart" name="flip" time="4.697"/>
  <system-out/>
</testsuite> <!-- Testng_Sequential.Flipkart -->
