<?xml version="1.0" encoding="UTF-8"?>
<!-- Generated by org.testng.reporters.JUnitReportReporter -->
<testsuite hostname="DESKTOP-1J1OHS9" failures="0" tests="1" name="Testng_Sequential.Sequence1" time="0.010" errors="0" timestamp="2023-10-05T18:02:25 IST" skipped="0">
  <testcase classname="Testng_Sequential.Sequence1" name="demo1" time="0.010"/>
  <system-out/>
</testsuite> <!-- Testng_Sequential.Sequence1 -->
